<?xml version="1.0" encoding="UTF-8"?>
<coverage generated="1790275821012" clover="3.2.0">
  <project timestamp="1790275821012" name="All files">
    <metrics statements="98" coveredstatements="98" conditionals="22" coveredconditionals="20" methods="17" coveredmethods="17" elements="137" coveredelements="135" complexity="0" loc="98" ncloc="98" packages="7" files="8" classes="8"/>
    <package name="file:.workspaces.projeto-integrador-vi-individual">
      <metrics statements="11" coveredstatements="11" conditionals="0" coveredconditionals="0" methods="1" coveredmethods="1"/>
      <file name="app.ts" path="/workspaces/projeto-integrador-vi-individual/file:/workspaces/projeto-integrador-vi-individual/app.ts">
        <metrics statements="11" coveredstatements="11" conditionals="0" coveredconditionals="0" methods="1" coveredmethods="1"/>
        <line num="1" count="1" type="stmt"/>
        <line num="2" count="1" type="stmt"/>
        <line num="3" count="1" type="stmt"/>
        <line num="4" count="1" type="stmt"/>
        <line num="6" count="1" type="stmt"/>
        <line num="8" count="1" type="stmt"/>
        <line num="10" count="1" type="stmt"/>
        <line num="12" count="1" type="stmt"/>
        <line num="13" count="1" type="stmt"/>
        <line num="16" count="1" type="stmt"/>
        <line num="18" count="1" type="stmt"/>
      </file>
    </package>
    <package name="src.config.file:.workspaces.projeto-integrador-vi-individual.src.config">
      <metrics statements="12" coveredstatements="12" conditionals="4" coveredconditionals="2" methods="0" coveredmethods="0"/>
      <file name="database.ts" path="/workspaces/projeto-integrador-vi-individual/src/config/file:/workspaces/projeto-integrador-vi-individual/src/config/database.ts">
        <metrics statements="5" coveredstatements="5" conditionals="2" coveredconditionals="1" methods="0" coveredmethods="0"/>
        <line num="1" count="3" type="stmt"/>
        <line num="2" count="3" type="stmt"/>
        <line num="4" count="3" type="stmt"/>
        <line num="6" count="3" type="stmt"/>
        <line num="12" count="3" type="stmt"/>
      </file>
      <file name="swagger.ts" path="/workspaces/projeto-integrador-vi-individual/src/config/file:/workspaces/projeto-integrador-vi-individual/src/config/swagger.ts">
        <metrics statements="7" coveredstatements="7" conditionals="2" coveredconditionals="1" methods="0" coveredmethods="0"/>
        <line num="1" count="1" type="stmt"/>
        <line num="2" count="1" type="stmt"/>
        <line num="4" count="1" type="stmt"/>
        <line num="5" count="1" type="cond" truecount="1" falsecount="1"/>
        <line num="7" count="1" type="stmt"/>
        <line num="45" count="1" type="stmt"/>
        <line num="47" count="1" type="stmt"/>
      </file>
    </package>
    <package name="src.controllers.file:.workspaces.projeto-integrador-vi-individual.src.controllers">
      <metrics statements="35" coveredstatements="35" conditionals="13" coveredconditionals="13" methods="5" coveredmethods="5"/>
      <file name="produto.controller.ts" path="/workspaces/projeto-integrador-vi-individual/src/controllers/file:/workspaces/projeto-integrador-vi-individual/src/controllers/produto.controller.ts">
        <metrics statements="35" coveredstatements="35" conditionals="13" coveredconditionals="13" methods="5" coveredmethods="5"/>
        <line num="2" count="1" type="stmt"/>
        <line num="4" count="1" type="stmt"/>
        <line num="5" count="1" type="stmt"/>
        <line num="6" count="1" type="stmt"/>
        <line num="9" count="1" type="stmt"/>
        <line num="10" count="3" type="stmt"/>
        <line num="11" count="3" type="stmt"/>
        <line num="13" count="3" type="cond" truecount="1" falsecount="0"/>
        <line num="14" count="2" type="stmt"/>
        <line num="17" count="1" type="stmt"/>
        <line num="20" count="1" type="stmt"/>
        <line num="21" count="8" type="stmt"/>
        <line num="23" count="8" type="cond" truecount="3" falsecount="0"/>
        <line num="24" count="1" type="stmt"/>
        <line num="27" count="7" type="cond" truecount="1" falsecount="0"/>
        <line num="28" count="1" type="stmt"/>
        <line num="31" count="6" type="stmt"/>
        <line num="32" count="6" type="stmt"/>
        <line num="35" count="1" type="stmt"/>
        <line num="36" count="4" type="stmt"/>
        <line num="37" count="4" type="stmt"/>
        <line num="39" count="4" type="cond" truecount="3" falsecount="0"/>
        <line num="40" count="1" type="stmt"/>
        <line num="43" count="3" type="cond" truecount="3" falsecount="0"/>
        <line num="44" count="1" type="stmt"/>
        <line num="47" count="2" type="stmt"/>
        <line num="49" count="2" type="cond" truecount="1" falsecount="0"/>
        <line num="50" count="1" type="stmt"/>
        <line num="53" count="1" type="stmt"/>
        <line num="56" count="1" type="stmt"/>
        <line num="57" count="2" type="stmt"/>
        <line num="58" count="2" type="stmt"/>
        <line num="60" count="2" type="cond" truecount="1" falsecount="0"/>
        <line num="61" count="1" type="stmt"/>
        <line num="64" count="1" type="stmt"/>
      </file>
    </package>
    <package name="src.models.file:.workspaces.projeto-integrador-vi-individual.src.models">
      <metrics statements="4" coveredstatements="4" conditionals="0" coveredconditionals="0" methods="0" coveredmethods="0"/>
      <file name="produto.model.ts" path="/workspaces/projeto-integrador-vi-individual/src/models/file:/workspaces/projeto-integrador-vi-individual/src/models/produto.model.ts">
        <metrics statements="4" coveredstatements="4" conditionals="0" coveredconditionals="0" methods="0" coveredmethods="0"/>
        <line num="1" count="3" type="stmt"/>
        <line num="2" count="3" type="stmt"/>
        <line num="10" count="3" type="stmt"/>
        <line num="30" count="3" type="stmt"/>
      </file>
    </package>
    <package name="src.repositories.file:.workspaces.projeto-integrador-vi-individual.src.repositories">
      <metrics statements="17" coveredstatements="17" conditionals="4" coveredconditionals="4" methods="5" coveredmethods="5"/>
      <file name="produto.repository.ts" path="/workspaces/projeto-integrador-vi-individual/src/repositories/file:/workspaces/projeto-integrador-vi-individual/src/repositories/produto.repository.ts">
        <metrics statements="17" coveredstatements="17" conditionals="4" coveredconditionals="4" methods="5" coveredmethods="5"/>
        <line num="2" count="3" type="stmt"/>
        <line num="7" count="2" type="stmt"/>
        <line num="11" count="6" type="stmt"/>
        <line num="15" count="13" type="stmt"/>
        <line num="22" count="5" type="stmt"/>
        <line num="24" count="5" type="cond" truecount="1" falsecount="0"/>
        <line num="25" count="2" type="stmt"/>
        <line num="28" count="3" type="stmt"/>
        <line num="29" count="3" type="cond" truecount="1" falsecount="0"/>
        <line num="30" count="3" type="cond" truecount="1" falsecount="0"/>
        <line num="32" count="3" type="stmt"/>
        <line num="36" count="4" type="stmt"/>
        <line num="38" count="4" type="cond" truecount="1" falsecount="0"/>
        <line num="39" count="2" type="stmt"/>
        <line num="42" count="2" type="stmt"/>
        <line num="43" count="2" type="stmt"/>
        <line num="47" count="3" type="stmt"/>
      </file>
    </package>
    <package name="src.routes.file:.workspaces.projeto-integrador-vi-individual.src.routes">
      <metrics statements="9" coveredstatements="9" conditionals="0" coveredconditionals="0" methods="0" coveredmethods="0"/>
      <file name="produto.routes.ts" path="/workspaces/projeto-integrador-vi-individual/src/routes/file:/workspaces/projeto-integrador-vi-individual/src/routes/produto.routes.ts">
        <metrics statements="9" coveredstatements="9" conditionals="0" coveredconditionals="0" methods="0" coveredmethods="0"/>
        <line num="1" count="1" type="stmt"/>
        <line num="2" count="1" type="stmt"/>
        <line num="4" count="1" type="stmt"/>
        <line num="29" count="1" type="stmt"/>
        <line num="57" count="1" type="stmt"/>
        <line num="85" count="1" type="stmt"/>
        <line num="122" count="1" type="stmt"/>
        <line num="142" count="1" type="stmt"/>
        <line num="144" count="1" type="stmt"/>
      </file>
    </package>
    <package name="src.services.file:.workspaces.projeto-integrador-vi-individual.src.services">
      <metrics statements="10" coveredstatements="10" conditionals="1" coveredconditionals="1" methods="6" coveredmethods="6"/>
      <file name="produto.service.ts" path="/workspaces/projeto-integrador-vi-individual/src/services/file:/workspaces/projeto-integrador-vi-individual/src/services/produto.service.ts">
        <metrics statements="10" coveredstatements="10" conditionals="1" coveredconditionals="1" methods="6" coveredmethods="6"/>
        <line num="1" count="2" type="stmt"/>
        <line num="5" count="2" type="stmt"/>
        <line num="9" count="12" type="stmt"/>
        <line num="13" count="4" type="stmt"/>
        <line num="17" count="5" type="stmt"/>
        <line num="21" count="7" type="stmt"/>
        <line num="25" count="4" type="stmt"/>
        <line num="29" count="4" type="stmt"/>
        <line num="33" count="2" type="stmt"/>
        <line num="35" count="2" type="stmt"/>
      </file>
    </package>
  </project>
</coverage>

