{"/workspaces/projeto-integrador-vi-individual/file:/workspaces/projeto-integrador-vi-individual/app.ts": {"path":"/workspaces/projeto-integrador-vi-individual/file:/workspaces/projeto-integrador-vi-individual/app.ts","statementMap":{"0":{"start":{"line":1,"column":0},"end":{"line":1,"column":30}},"1":{"start":{"line":2,"column":0},"end":{"line":2,"column":43}},"2":{"start":{"line":3,"column":0},"end":{"line":3,"column":47}},"3":{"start":{"line":4,"column":0},"end":{"line":4,"column":56}},"4":{"start":{"line":6,"column":12},"end":{"line":6,"column":21}},"5":{"start":{"line":8,"column":0},"end":{"line":8,"column":24}},"6":{"start":{"line":10,"column":0},"end":{"line":10,"column":68}},"7":{"start":{"line":12,"column":0},"end":{"line":14,"column":3}},"8":{"start":{"line":13,"column":4},"end":{"line":13,"column":38}},"9":{"start":{"line":16,"column":0},"end":{"line":16,"column":23}},"10":{"start":{"line":18,"column":0},"end":{"line":18,"column":19}}},"fnMap":{"0":{"name":"(anonymous_1)","decl":{"start":{"line":12,"column":26},"end":{"line":12,"column":27}},"loc":{"start":{"line":12,"column":39},"end":{"line":14,"column":1}}}},"branchMap":{},"s":{"0":1,"1":1,"2":1,"3":1,"4":1,"5":1,"6":1,"7":1,"8":1,"9":1,"10":1},"f":{"0":1},"b":{}}
,"/workspaces/projeto-integrador-vi-individual/src/config/file:/workspaces/projeto-integrador-vi-individual/src/config/database.ts": {"path":"/workspaces/projeto-integrador-vi-individual/src/config/file:/workspaces/projeto-integrador-vi-individual/src/config/database.ts","statementMap":{"0":{"start":{"line":1,"column":0},"end":{"line":1,"column":38}},"1":{"start":{"line":2,"column":0},"end":{"line":2,"column":24}},"2":{"start":{"line":4,"column":15},"end":{"line":4,"column":46}},"3":{"start":{"line":6,"column":18},"end":{"line":10,"column":2}},"4":{"start":{"line":12,"column":0},"end":{"line":12,"column":25}}},"fnMap":{},"branchMap":{"0":{"loc":{"start":{"line":8,"column":13},"end":{"line":8,"column":83}},"type":"cond-expr","locations":[{"start":{"line":8,"column":22},"end":{"line":8,"column":32}},{"start":{"line":8,"column":35},"end":{"line":8,"column":83}}]}},"s":{"0":3,"1":3,"2":3,"3":3,"4":3},"f":{},"b":{"0":[3,0]}}
,"/workspaces/projeto-integrador-vi-individual/src/config/file:/workspaces/projeto-integrador-vi-individual/src/config/swagger.ts": {"path":"/workspaces/projeto-integrador-vi-individual/src/config/file:/workspaces/projeto-integrador-vi-individual/src/config/swagger.ts","statementMap":{"0":{"start":{"line":1,"column":0},"end":{"line":1,"column":41}},"1":{"start":{"line":2,"column":0},"end":{"line":2,"column":24}},"2":{"start":{"line":4,"column":19},"end":{"line":4,"column":45}},"3":{"start":{"line":5,"column":19},"end":{"line":5,"column":89}},"4":{"start":{"line":7,"column":38},"end":{"line":43,"column":2}},"5":{"start":{"line":45,"column":20},"end":{"line":45,"column":41}},"6":{"start":{"line":47,"column":0},"end":{"line":47,"column":27}}},"fnMap":{},"branchMap":{"0":{"loc":{"start":{"line":5,"column":40},"end":{"line":5,"column":88}},"type":"cond-expr","locations":[{"start":{"line":5,"column":53},"end":{"line":5,"column":69}},{"start":{"line":5,"column":72},"end":{"line":5,"column":88}}]}},"s":{"0":1,"1":1,"2":1,"3":1,"4":1,"5":1,"6":1},"f":{},"b":{"0":[0,1]}}
,"/workspaces/projeto-integrador-vi-individual/src/controllers/file:/workspaces/projeto-integrador-vi-individual/src/controllers/produto.controller.ts": {"path":"/workspaces/projeto-integrador-vi-individual/src/controllers/file:/workspaces/projeto-integrador-vi-individual/src/controllers/produto.controller.ts","statementMap":{"0":{"start":{"line":4,"column":0},"end":{"line":4,"column":7}},"1":{"start":{"line":9,"column":0},"end":{"line":9,"column":7}},"2":{"start":{"line":20,"column":0},"end":{"line":20,"column":7}},"3":{"start":{"line":35,"column":0},"end":{"line":35,"column":7}},"4":{"start":{"line":56,"column":0},"end":{"line":56,"column":7}},"5":{"start":{"line":2,"column":0},"end":{"line":2,"column":50}},"6":{"start":{"line":5,"column":21},"end":{"line":5,"column":43}},"7":{"start":{"line":6,"column":4},"end":{"line":6,"column":35}},"8":{"start":{"line":10,"column":15},"end":{"line":10,"column":36}},"9":{"start":{"line":11,"column":20},"end":{"line":11,"column":49}},"10":{"start":{"line":13,"column":4},"end":{"line":15,"column":5}},"11":{"start":{"line":14,"column":8},"end":{"line":14,"column":76}},"12":{"start":{"line":17,"column":4},"end":{"line":17,"column":34}},"13":{"start":{"line":21,"column":28},"end":{"line":21,"column":36}},"14":{"start":{"line":23,"column":4},"end":{"line":25,"column":5}},"15":{"start":{"line":24,"column":8},"end":{"line":24,"column":83}},"16":{"start":{"line":27,"column":4},"end":{"line":29,"column":5}},"17":{"start":{"line":28,"column":8},"end":{"line":28,"column":85}},"18":{"start":{"line":31,"column":24},"end":{"line":31,"column":60}},"19":{"start":{"line":32,"column":4},"end":{"line":32,"column":38}},"20":{"start":{"line":36,"column":15},"end":{"line":36,"column":36}},"21":{"start":{"line":37,"column":28},"end":{"line":37,"column":36}},"22":{"start":{"line":39,"column":4},"end":{"line":41,"column":5}},"23":{"start":{"line":40,"column":8},"end":{"line":40,"column":110}},"24":{"start":{"line":43,"column":4},"end":{"line":45,"column":5}},"25":{"start":{"line":44,"column":8},"end":{"line":44,"column":85}},"26":{"start":{"line":47,"column":30},"end":{"line":47,"column":74}},"27":{"start":{"line":49,"column":4},"end":{"line":51,"column":5}},"28":{"start":{"line":50,"column":8},"end":{"line":50,"column":76}},"29":{"start":{"line":53,"column":4},"end":{"line":53,"column":44}},"30":{"start":{"line":57,"column":15},"end":{"line":57,"column":36}},"31":{"start":{"line":58,"column":28},"end":{"line":58,"column":53}},"32":{"start":{"line":60,"column":4},"end":{"line":62,"column":5}},"33":{"start":{"line":61,"column":8},"end":{"line":61,"column":76}},"34":{"start":{"line":64,"column":4},"end":{"line":64,"column":27}}},"fnMap":{"0":{"name":"listar","decl":{"start":{"line":4,"column":22},"end":{"line":4,"column":28}},"loc":{"start":{"line":4,"column":56},"end":{"line":7,"column":1}}},"1":{"name":"buscarPorId","decl":{"start":{"line":9,"column":22},"end":{"line":9,"column":33}},"loc":{"start":{"line":9,"column":61},"end":{"line":18,"column":1}}},"2":{"name":"criar","decl":{"start":{"line":20,"column":22},"end":{"line":20,"column":27}},"loc":{"start":{"line":20,"column":55},"end":{"line":33,"column":1}}},"3":{"name":"atualizar","decl":{"start":{"line":35,"column":22},"end":{"line":35,"column":31}},"loc":{"start":{"line":35,"column":59},"end":{"line":54,"column":1}}},"4":{"name":"deletar","decl":{"start":{"line":56,"column":22},"end":{"line":56,"column":29}},"loc":{"start":{"line":56,"column":57},"end":{"line":65,"column":1}}}},"branchMap":{"0":{"loc":{"start":{"line":13,"column":4},"end":{"line":15,"column":5}},"type":"if","locations":[{"start":{"line":13,"column":4},"end":{"line":15,"column":5}}]},"1":{"loc":{"start":{"line":23,"column":4},"end":{"line":25,"column":5}},"type":"if","locations":[{"start":{"line":23,"column":4},"end":{"line":25,"column":5}}]},"2":{"loc":{"start":{"line":23,"column":8},"end":{"line":23,"column":36}},"type":"binary-expr","locations":[{"start":{"line":23,"column":8},"end":{"line":23,"column":13}},{"start":{"line":23,"column":17},"end":{"line":23,"column":36}}]},"3":{"loc":{"start":{"line":27,"column":4},"end":{"line":29,"column":5}},"type":"if","locations":[{"start":{"line":27,"column":4},"end":{"line":29,"column":5}}]},"4":{"loc":{"start":{"line":39,"column":4},"end":{"line":41,"column":5}},"type":"if","locations":[{"start":{"line":39,"column":4},"end":{"line":41,"column":5}}]},"5":{"loc":{"start":{"line":39,"column":8},"end":{"line":39,"column":49}},"type":"binary-expr","locations":[{"start":{"line":39,"column":8},"end":{"line":39,"column":26}},{"start":{"line":39,"column":30},"end":{"line":39,"column":49}}]},"6":{"loc":{"start":{"line":43,"column":4},"end":{"line":45,"column":5}},"type":"if","locations":[{"start":{"line":43,"column":4},"end":{"line":45,"column":5}}]},"7":{"loc":{"start":{"line":43,"column":8},"end":{"line":43,"column":41}},"type":"binary-expr","locations":[{"start":{"line":43,"column":8},"end":{"line":43,"column":27}},{"start":{"line":43,"column":31},"end":{"line":43,"column":41}}]},"8":{"loc":{"start":{"line":49,"column":4},"end":{"line":51,"column":5}},"type":"if","locations":[{"start":{"line":49,"column":4},"end":{"line":51,"column":5}}]},"9":{"loc":{"start":{"line":60,"column":4},"end":{"line":62,"column":5}},"type":"if","locations":[{"start":{"line":60,"column":4},"end":{"line":62,"column":5}}]}},"s":{"0":1,"1":1,"2":1,"3":1,"4":1,"5":1,"6":1,"7":1,"8":3,"9":3,"10":3,"11":2,"12":1,"13":8,"14":8,"15":1,"16":7,"17":1,"18":6,"19":6,"20":4,"21":4,"22":4,"23":1,"24":3,"25":1,"26":2,"27":2,"28":1,"29":1,"30":2,"31":2,"32":2,"33":1,"34":1},"f":{"0":1,"1":3,"2":8,"3":4,"4":2},"b":{"0":[2],"1":[1],"2":[8,8],"3":[1],"4":[1],"5":[4,4],"6":[1],"7":[3,3],"8":[1],"9":[1]}}
,"/workspaces/projeto-integrador-vi-individual/src/models/file:/workspaces/projeto-integrador-vi-individual/src/models/produto.model.ts": {"path":"/workspaces/projeto-integrador-vi-individual/src/models/file:/workspaces/projeto-integrador-vi-individual/src/models/produto.model.ts","statementMap":{"0":{"start":{"line":1,"column":0},"end":{"line":1,"column":105}},"1":{"start":{"line":2,"column":0},"end":{"line":2,"column":43}},"2":{"start":{"line":10,"column":0},"end":{"line":28,"column":3}},"3":{"start":{"line":30,"column":0},"end":{"line":30,"column":28}}},"fnMap":{},"branchMap":{},"s":{"0":3,"1":3,"2":3,"3":3},"f":{},"b":{}}
,"/workspaces/projeto-integrador-vi-individual/src/repositories/file:/workspaces/projeto-integrador-vi-individual/src/repositories/produto.repository.ts": {"path":"/workspaces/projeto-integrador-vi-individual/src/repositories/file:/workspaces/projeto-integrador-vi-individual/src/repositories/produto.repository.ts","statementMap":{"0":{"start":{"line":2,"column":0},"end":{"line":2,"column":51}},"1":{"start":{"line":7,"column":8},"end":{"line":7,"column":38}},"2":{"start":{"line":11,"column":8},"end":{"line":11,"column":41}},"3":{"start":{"line":15,"column":8},"end":{"line":18,"column":11}},"4":{"start":{"line":22,"column":24},"end":{"line":22,"column":55}},"5":{"start":{"line":24,"column":8},"end":{"line":26,"column":9}},"6":{"start":{"line":25,"column":12},"end":{"line":25,"column":24}},"7":{"start":{"line":28,"column":54},"end":{"line":28,"column":56}},"8":{"start":{"line":29,"column":8},"end":{"line":29,"column":74}},"9":{"start":{"line":29,"column":38},"end":{"line":29,"column":74}},"10":{"start":{"line":30,"column":8},"end":{"line":30,"column":77}},"11":{"start":{"line":30,"column":39},"end":{"line":30,"column":77}},"12":{"start":{"line":32,"column":8},"end":{"line":32,"column":49}},"13":{"start":{"line":36,"column":24},"end":{"line":36,"column":55}},"14":{"start":{"line":38,"column":8},"end":{"line":40,"column":9}},"15":{"start":{"line":39,"column":12},"end":{"line":39,"column":24}},"16":{"start":{"line":42,"column":8},"end":{"line":42,"column":32}},"17":{"start":{"line":43,"column":8},"end":{"line":43,"column":23}},"18":{"start":{"line":47,"column":0},"end":{"line":47,"column":33}}},"fnMap":{"0":{"name":"(anonymous_1)","decl":{"start":{"line":6,"column":4},"end":{"line":6,"column":9}},"loc":{"start":{"line":6,"column":16},"end":{"line":8,"column":5}}},"1":{"name":"(anonymous_2)","decl":{"start":{"line":10,"column":4},"end":{"line":10,"column":9}},"loc":{"start":{"line":10,"column":32},"end":{"line":12,"column":5}}},"2":{"name":"(anonymous_3)","decl":{"start":{"line":14,"column":4},"end":{"line":14,"column":9}},"loc":{"start":{"line":14,"column":37},"end":{"line":19,"column":5}}},"3":{"name":"(anonymous_4)","decl":{"start":{"line":21,"column":4},"end":{"line":21,"column":9}},"loc":{"start":{"line":21,"column":57},"end":{"line":33,"column":5}}},"4":{"name":"(anonymous_5)","decl":{"start":{"line":35,"column":4},"end":{"line":35,"column":9}},"loc":{"start":{"line":35,"column":28},"end":{"line":44,"column":5}}}},"branchMap":{"0":{"loc":{"start":{"line":24,"column":8},"end":{"line":26,"column":9}},"type":"if","locations":[{"start":{"line":24,"column":8},"end":{"line":26,"column":9}}]},"1":{"loc":{"start":{"line":29,"column":8},"end":{"line":29,"column":74}},"type":"if","locations":[{"start":{"line":29,"column":8},"end":{"line":29,"column":74}}]},"2":{"loc":{"start":{"line":30,"column":8},"end":{"line":30,"column":77}},"type":"if","locations":[{"start":{"line":30,"column":8},"end":{"line":30,"column":77}}]},"3":{"loc":{"start":{"line":38,"column":8},"end":{"line":40,"column":9}},"type":"if","locations":[{"start":{"line":38,"column":8},"end":{"line":40,"column":9}}]}},"s":{"0":3,"1":2,"2":6,"3":13,"4":5,"5":5,"6":2,"7":3,"8":3,"9":1,"10":3,"11":2,"12":3,"13":4,"14":4,"15":2,"16":2,"17":2,"18":3},"f":{"0":2,"1":6,"2":13,"3":5,"4":4},"b":{"0":[2],"1":[1],"2":[2],"3":[2]}}
,"/workspaces/projeto-integrador-vi-individual/src/routes/file:/workspaces/projeto-integrador-vi-individual/src/routes/produto.routes.ts": {"path":"/workspaces/projeto-integrador-vi-individual/src/routes/file:/workspaces/projeto-integrador-vi-individual/src/routes/produto.routes.ts","statementMap":{"0":{"start":{"line":1,"column":0},"end":{"line":1,"column":33}},"1":{"start":{"line":2,"column":0},"end":{"line":2,"column":64}},"2":{"start":{"line":4,"column":15},"end":{"line":4,"column":23}},"3":{"start":{"line":29,"column":0},"end":{"line":29,"column":43}},"4":{"start":{"line":57,"column":0},"end":{"line":57,"column":52}},"5":{"start":{"line":85,"column":0},"end":{"line":85,"column":43}},"6":{"start":{"line":122,"column":0},"end":{"line":122,"column":50}},"7":{"start":{"line":142,"column":0},"end":{"line":142,"column":51}},"8":{"start":{"line":144,"column":0},"end":{"line":144,"column":22}}},"fnMap":{},"branchMap":{},"s":{"0":1,"1":1,"2":1,"3":1,"4":1,"5":1,"6":1,"7":1,"8":1},"f":{},"b":{}}
,"/workspaces/projeto-integrador-vi-individual/src/services/file:/workspaces/projeto-integrador-vi-individual/src/services/produto.service.ts": {"path":"/workspaces/projeto-integrador-vi-individual/src/services/file:/workspaces/projeto-integrador-vi-individual/src/services/produto.service.ts","statementMap":{"0":{"start":{"line":1,"column":0},"end":{"line":1,"column":67}},"1":{"start":{"line":9,"column":8},"end":{"line":9,"column":37}},"2":{"start":{"line":13,"column":8},"end":{"line":13,"column":40}},"3":{"start":{"line":17,"column":8},"end":{"line":17,"column":47}},"4":{"start":{"line":21,"column":8},"end":{"line":21,"column":44}},"5":{"start":{"line":25,"column":8},"end":{"line":25,"column":52}},"6":{"start":{"line":29,"column":8},"end":{"line":29,"column":43}},"7":{"start":{"line":5,"column":0},"end":{"line":5,"column":13}},"8":{"start":{"line":33,"column":23},"end":{"line":33,"column":43}},"9":{"start":{"line":35,"column":0},"end":{"line":35,"column":30}}},"fnMap":{"0":{"name":"(anonymous_1)","decl":{"start":{"line":8,"column":4},"end":{"line":8,"column":16}},"loc":{"start":{"line":8,"column":72},"end":{"line":10,"column":5}}},"1":{"name":"(anonymous_2)","decl":{"start":{"line":12,"column":4},"end":{"line":12,"column":9}},"loc":{"start":{"line":12,"column":16},"end":{"line":14,"column":5}}},"2":{"name":"(anonymous_3)","decl":{"start":{"line":16,"column":4},"end":{"line":16,"column":9}},"loc":{"start":{"line":16,"column":32},"end":{"line":18,"column":5}}},"3":{"name":"(anonymous_4)","decl":{"start":{"line":20,"column":4},"end":{"line":20,"column":9}},"loc":{"start":{"line":20,"column":37},"end":{"line":22,"column":5}}},"4":{"name":"(anonymous_5)","decl":{"start":{"line":24,"column":4},"end":{"line":24,"column":9}},"loc":{"start":{"line":24,"column":57},"end":{"line":26,"column":5}}},"5":{"name":"(anonymous_6)","decl":{"start":{"line":28,"column":4},"end":{"line":28,"column":9}},"loc":{"start":{"line":28,"column":28},"end":{"line":30,"column":5}}}},"branchMap":{"0":{"loc":{"start":{"line":8,"column":16},"end":{"line":8,"column":72}},"type":"default-arg","locations":[{"start":{"line":8,"column":49},"end":{"line":8,"column":72}}]}},"s":{"0":2,"1":12,"2":4,"3":5,"4":7,"5":4,"6":4,"7":2,"8":2,"9":2},"f":{"0":12,"1":4,"2":5,"3":7,"4":4,"5":4},"b":{"0":[3]}}
}
