TN:
SF:app.js
FN:12,(anonymous_0)
FNF:1
FNH:1
FNDA:1,(anonymous_0)
DA:1,1
DA:2,1
DA:4,1
DA:6,1
DA:8,1
DA:10,1
DA:12,1
DA:13,1
DA:16,1
DA:18,1
DA:20,1
LF:11
LH:11
BRF:0
BRH:0
end_of_record
TN:
SF:src/config/database.js
FNF:0
FNH:0
DA:1,3
DA:2,3
DA:4,3
DA:6,3
DA:12,3
LF:5
LH:5
BRDA:8,0,0,3
BRDA:8,0,1,0
BRF:2
BRH:1
end_of_record
TN:
SF:src/config/swagger.js
FNF:0
FNH:0
DA:1,1
DA:3,1
DA:47,1
DA:49,1
LF:4
LH:4
BRF:0
BRH:0
end_of_record
TN:
SF:src/controllers/produto.controller.js
FN:3,listar
FN:9,buscarPorId
FN:23,criar
FN:43,atualizar
FN:70,deletar
FNF:5
FNH:5
FNDA:1,listar
FNDA:3,buscarPorId
FNDA:8,criar
FNDA:4,atualizar
FNDA:2,deletar
DA:1,1
DA:4,1
DA:6,1
DA:10,3
DA:12,3
DA:14,3
DA:15,2
DA:20,1
DA:24,8
DA:26,8
DA:27,1
DA:32,7
DA:33,1
DA:38,6
DA:40,6
DA:44,4
DA:45,4
DA:47,4
DA:48,1
DA:53,3
DA:54,1
DA:59,2
DA:61,2
DA:62,1
DA:67,1
DA:71,2
DA:73,2
DA:75,2
DA:76,1
DA:81,1
DA:84,1
LF:31
LH:31
BRDA:14,0,0,2
BRDA:14,0,1,1
BRDA:26,1,0,1
BRDA:26,1,1,7
BRDA:26,2,0,8
BRDA:26,2,1,8
BRDA:32,3,0,1
BRDA:32,3,1,6
BRDA:47,4,0,1
BRDA:47,4,1,3
BRDA:47,5,0,4
BRDA:47,5,1,4
BRDA:53,6,0,1
BRDA:53,6,1,2
BRDA:53,7,0,3
BRDA:53,7,1,3
BRDA:61,8,0,1
BRDA:61,8,1,1
BRDA:75,9,0,1
BRDA:75,9,1,1
BRF:20
BRH:20
end_of_record
TN:
SF:src/models/produto.model.js
FNF:0
FNH:0
DA:1,3
DA:2,3
DA:4,3
DA:23,3
LF:4
LH:4
BRF:0
BRH:0
end_of_record
TN:
SF:src/repositories/produto.repository.interface.js
FN:2,(anonymous_0)
FN:6,(anonymous_1)
FN:10,(anonymous_2)
FN:14,(anonymous_3)
FN:18,(anonymous_4)
FNF:5
FNH:5
FNDA:1,(anonymous_0)
FNDA:1,(anonymous_1)
FNDA:1,(anonymous_2)
FNDA:1,(anonymous_3)
FNDA:1,(anonymous_4)
DA:3,1
DA:7,1
DA:11,1
DA:15,1
DA:19,1
DA:23,3
LF:6
LH:6
BRF:0
BRH:0
end_of_record
TN:
SF:src/repositories/produto.repository.js
FN:5,(anonymous_0)
FN:9,(anonymous_1)
FN:13,(anonymous_2)
FN:20,(anonymous_3)
FN:34,(anonymous_4)
FNF:5
FNH:5
FNDA:2,(anonymous_0)
FNDA:6,(anonymous_1)
FNDA:13,(anonymous_2)
FNDA:5,(anonymous_3)
FNDA:4,(anonymous_4)
DA:1,3
DA:2,3
DA:6,2
DA:10,6
DA:14,13
DA:21,5
DA:23,5
DA:24,2
DA:27,3
DA:28,3
DA:29,3
DA:31,3
DA:35,4
DA:37,4
DA:38,2
DA:41,2
DA:42,2
DA:46,3
LF:18
LH:18
BRDA:23,0,0,2
BRDA:23,0,1,3
BRDA:28,1,0,1
BRDA:28,1,1,2
BRDA:29,2,0,2
BRDA:29,2,1,1
BRDA:37,3,0,2
BRDA:37,3,1,2
BRF:8
BRH:8
end_of_record
TN:
SF:src/routes/produto.routes.js
FNF:0
FNH:0
DA:1,1
DA:3,1
DA:5,1
DA:30,1
DA:58,1
DA:86,1
DA:123,1
DA:143,1
DA:145,1
LF:9
LH:9
BRF:0
BRH:0
end_of_record
TN:
SF:src/services/produto.service.js
FN:4,(anonymous_0)
FN:8,(anonymous_1)
FN:12,(anonymous_2)
FN:16,(anonymous_3)
FN:20,(anonymous_4)
FN:24,(anonymous_5)
FNF:6
FNH:6
FNDA:12,(anonymous_0)
FNDA:4,(anonymous_1)
FNDA:5,(anonymous_2)
FNDA:7,(anonymous_3)
FNDA:4,(anonymous_4)
FNDA:4,(anonymous_5)
DA:1,2
DA:5,12
DA:9,4
DA:13,5
DA:17,7
DA:21,4
DA:25,4
DA:29,2
DA:30,2
LF:9
LH:9
BRDA:4,0,0,3
BRF:1
BRH:1
end_of_record
