TN:
SF:file:/workspaces/projeto-integrador-vi-individual/app.ts
FN:12,(anonymous_1)
FNF:1
FNH:1
FNDA:1,(anonymous_1)
DA:1,1
DA:2,1
DA:3,1
DA:4,1
DA:6,1
DA:8,1
DA:10,1
DA:12,1
DA:13,1
DA:16,1
DA:18,1
LF:11
LH:11
BRF:0
BRH:0
end_of_record
TN:
SF:src/config/file:/workspaces/projeto-integrador-vi-individual/src/config/database.ts
FNF:0
FNH:0
DA:1,3
DA:2,3
DA:4,3
DA:6,3
DA:12,3
LF:5
LH:5
BRDA:8,0,0,3
BRDA:8,0,1,0
BRF:2
BRH:1
end_of_record
TN:
SF:src/config/file:/workspaces/projeto-integrador-vi-individual/src/config/swagger.ts
FNF:0
FNH:0
DA:1,1
DA:2,1
DA:4,1
DA:5,1
DA:7,1
DA:45,1
DA:47,1
LF:7
LH:7
BRDA:5,0,0,0
BRDA:5,0,1,1
BRF:2
BRH:1
end_of_record
TN:
SF:src/controllers/file:/workspaces/projeto-integrador-vi-individual/src/controllers/produto.controller.ts
FN:4,listar
FN:9,buscarPorId
FN:20,criar
FN:35,atualizar
FN:56,deletar
FNF:5
FNH:5
FNDA:1,listar
FNDA:3,buscarPorId
FNDA:8,criar
FNDA:4,atualizar
FNDA:2,deletar
DA:2,1
DA:4,1
DA:5,1
DA:6,1
DA:9,1
DA:10,3
DA:11,3
DA:13,3
DA:14,2
DA:17,1
DA:20,1
DA:21,8
DA:23,8
DA:24,1
DA:27,7
DA:28,1
DA:31,6
DA:32,6
DA:35,1
DA:36,4
DA:37,4
DA:39,4
DA:40,1
DA:43,3
DA:44,1
DA:47,2
DA:49,2
DA:50,1
DA:53,1
DA:56,1
DA:57,2
DA:58,2
DA:60,2
DA:61,1
DA:64,1
LF:35
LH:35
BRDA:13,0,0,2
BRDA:23,1,0,1
BRDA:23,2,0,8
BRDA:23,2,1,8
BRDA:27,3,0,1
BRDA:39,4,0,1
BRDA:39,5,0,4
BRDA:39,5,1,4
BRDA:43,6,0,1
BRDA:43,7,0,3
BRDA:43,7,1,3
BRDA:49,8,0,1
BRDA:60,9,0,1
BRF:13
BRH:13
end_of_record
TN:
SF:src/models/file:/workspaces/projeto-integrador-vi-individual/src/models/produto.model.ts
FNF:0
FNH:0
DA:1,3
DA:2,3
DA:10,3
DA:30,3
LF:4
LH:4
BRF:0
BRH:0
end_of_record
TN:
SF:src/repositories/file:/workspaces/projeto-integrador-vi-individual/src/repositories/produto.repository.ts
FN:6,(anonymous_1)
FN:10,(anonymous_2)
FN:14,(anonymous_3)
FN:21,(anonymous_4)
FN:35,(anonymous_5)
FNF:5
FNH:5
FNDA:2,(anonymous_1)
FNDA:6,(anonymous_2)
FNDA:13,(anonymous_3)
FNDA:5,(anonymous_4)
FNDA:4,(anonymous_5)
DA:2,3
DA:7,2
DA:11,6
DA:15,13
DA:22,5
DA:24,5
DA:25,2
DA:28,3
DA:29,3
DA:30,3
DA:32,3
DA:36,4
DA:38,4
DA:39,2
DA:42,2
DA:43,2
DA:47,3
LF:17
LH:17
BRDA:24,0,0,2
BRDA:29,1,0,1
BRDA:30,2,0,2
BRDA:38,3,0,2
BRF:4
BRH:4
end_of_record
TN:
SF:src/routes/file:/workspaces/projeto-integrador-vi-individual/src/routes/produto.routes.ts
FNF:0
FNH:0
DA:1,1
DA:2,1
DA:4,1
DA:29,1
DA:57,1
DA:85,1
DA:122,1
DA:142,1
DA:144,1
LF:9
LH:9
BRF:0
BRH:0
end_of_record
TN:
SF:src/services/file:/workspaces/projeto-integrador-vi-individual/src/services/produto.service.ts
FN:8,(anonymous_1)
FN:12,(anonymous_2)
FN:16,(anonymous_3)
FN:20,(anonymous_4)
FN:24,(anonymous_5)
FN:28,(anonymous_6)
FNF:6
FNH:6
FNDA:12,(anonymous_1)
FNDA:4,(anonymous_2)
FNDA:5,(anonymous_3)
FNDA:7,(anonymous_4)
FNDA:4,(anonymous_5)
FNDA:4,(anonymous_6)
DA:1,2
DA:5,2
DA:9,12
DA:13,4
DA:17,5
DA:21,7
DA:25,4
DA:29,4
DA:33,2
DA:35,2
LF:10
LH:10
BRDA:8,0,0,3
BRF:1
BRH:1
end_of_record
